
Showing logs for build [32mcb-kubecd-environment-pr-186-6-rnm46-1[0m stage [32mfrom-build-pack[0m and container [32mstep-credential-initializer-mz9x7[0m
{"level":"warn","ts":1584732210.0645468,"logger":"fallback-logger","caller":"logging/config.go:69","msg":"Fetch GitHub commit ID from kodata failed: \"ref: refs/heads/0.8.0-**-support-backwards-incompats\" is not a valid GitHub commit ID"}
{"level":"info","ts":1584732210.0874517,"logger":"fallback-logger","caller":"creds-init/main.go:40","msg":"Credentials initialized."}

Showing logs for build [32mcb-kubecd-environment-pr-186-6-rnm46-1[0m stage [32mfrom-build-pack[0m and container [32mstep-working-dir-initializer-sgskw[0m
{"level":"warn","ts":1584732211.4577763,"logger":"fallback-logger","caller":"logging/config.go:69","msg":"Fetch GitHub commit ID from kodata failed: open /var/run/ko/HEAD: no such file or directory"}
{"level":"info","ts":1584732211.459111,"logger":"fallback-logger","caller":"bash/main.go:64","msg":"Successfully executed command \"sh -c mkdir -p /workspace/source\"; output "}

Showing logs for build [32mcb-kubecd-environment-pr-186-6-rnm46-1[0m stage [32mfrom-build-pack[0m and container [32mstep-place-tools[0m

Showing logs for build [32mcb-kubecd-environment-pr-186-6-rnm46-1[0m stage [32mfrom-build-pack[0m and container [32mstep-git-source-cb-kubecd-environment-pr-186-6-rnm46-flx68[0m
{"level":"warn","ts":1584732215.5957766,"logger":"fallback-logger","caller":"logging/config.go:69","msg":"Fetch GitHub commit ID from kodata failed: \"ref: refs/heads/0.8.0-**-support-backwards-incompats\" is not a valid GitHub commit ID"}
{"level":"info","ts":1584732216.6825638,"logger":"fallback-logger","caller":"git/git.go:103","msg":"Successfully cloned https://github.com/cb-kubecd/environment-pr-186-6-boot-vault-gke-staging.git @ master in path /workspace/source"}

Showing logs for build [32mcb-kubecd-environment-pr-186-6-rnm46-1[0m stage [32mfrom-build-pack[0m and container [32mstep-git-merge[0m
Using SHAs from PULL_REFS=master:09fa78109803d2fbd691e071146a2fc58a53fb0f,3:0922cc77eb5982b72b111d3e5c923521058aa844
DEBUG: LC_ALL=C JX_LOG_LEVEL=error git fetch origin --unshallow 0922cc77eb5982b72b111d3e5c923521058aa844: 09fa78109803d2fbd691e071146a2fc58a53fb0f:
DEBUG: ran git fetch --unshallow origin 0922cc77eb5982b72b111d3e5c923521058aa844: 09fa78109803d2fbd691e071146a2fc58a53fb0f: in 
DEBUG: JX_LOG_LEVEL=error LC_ALL=C git branch
DEBUG: JX_LOG_LEVEL=error LC_ALL=C git checkout master
DEBUG: ran git checkout master in 
DEBUG: LC_ALL=C JX_LOG_LEVEL=error git reset --hard 09fa78109803d2fbd691e071146a2fc58a53fb0f
DEBUG: ran git reset --hard 09fa78109803d2fbd691e071146a2fc58a53fb0f in 
DEBUG: LC_ALL=C JX_LOG_LEVEL=error git clean -fd .
DEBUG: ran clean --force -d . in 
DEBUG: LC_ALL=C JX_LOG_LEVEL=error git merge 0922cc77eb5982b72b111d3e5c923521058aa844
DEBUG: ran git merge 0922cc77eb5982b72b111d3e5c923521058aa844 in 
DEBUG: LC_ALL=C JX_LOG_LEVEL=error git log --format=%H%x1f%an%x1f%ae%x1f%cn%x1f%ce%x1f%s%n%b%x1e 09fa78109803d2fbd691e071146a2fc58a53fb0f..HEAD
Merged SHA 0922cc77eb5982b72b111d3e5c923521058aa844 with commit message 'chore: Promote bdd-nh-1584730744 to version 0.0.1' into base branch master

Showing logs for build [32mcb-kubecd-environment-pr-186-6-rnm46-1[0m stage [32mfrom-build-pack[0m and container [32mstep-build-helm-build[0m
WARNING: No $CHART_REPOSITORY defined so using the default value of: http://jenkins-x-chartmuseum:8080
Adding missing Helm repo: storage.googleapis.com https://storage.googleapis.com/chartmuseum.jenkins-x.io
WARNING: No secrets found on "helm/repos" due: reading the secret "helm/repos" from vault: no secret "helm/repos" not found in vault
Read credentials for https://storage.googleapis.com/chartmuseum.jenkins-x.io from vault helm/repos
Successfully added Helm repository storage.googleapis.com.
Adding missing Helm repo: jenkins-x-chartmuseum http://jenkins-x-chartmuseum:8080
WARNING: No secrets found on "helm/repos" due: reading the secret "helm/repos" from vault: no secret "helm/repos" not found in vault
Read credentials for http://jenkins-x-chartmuseum:8080 from vault helm/repos
Successfully added Helm repository jenkins-x-chartmuseum.
WARNING: No $CHART_REPOSITORY defined so using the default value of: http://jenkins-x-chartmuseum:8080
Adding missing Helm repo: chartmuseum.jenkins-x.io http://chartmuseum.jenkins-x.io
WARNING: No secrets found on "helm/repos" due: reading the secret "helm/repos" from vault: no secret "helm/repos" not found in vault
Read credentials for http://chartmuseum.jenkins-x.io from vault helm/repos
Successfully added Helm repository chartmuseum.jenkins-x.io.
